Added ID: b'847944580\x00\x00\x00\x00\x00\x00\x00\x00\x00\x00\x00\x00\x00\x00\x00\x00\x00\x00\x00\x00\x00\x00\x00' b'\xc2u`\x82\xd6\nl\xa4\x8b\xc7\xb0\x1f\xf56\xf2\x87\xa0\xe0,\x86O\xcc\x16\xd6~\xa2\x16)\xc8\xe80\x12' .

Added ID: b'412214885\x00\x00\x00\x00\x00\x00\x00\x00\x00\x00\x00\x00\x00\x00\x00\x00\x00\x00\x00\x00\x00\x00\x00' b'\xed\xb0\x8d \xcf\xd1\\\xf6$\xfd\xdd\xcd\t|e4\x00Js\xcd\xa4)\xb8\x9b\xfc\xc0\x97|\xa5\xb9x\x9c' .

Added ID: b'1357723202\x00\x00\x00\x00\x00\x00\x00\x00\x00\x00\x00\x00\x00\x00\x00\x00\x00\x00\x00\x00\x00\x00' b'\xda\xd8\x88\xa0\x05\xeez\xe6{\\\x90}N\xed\x00\x1b\xa4\xd3W\xa6\x9a,\x8a\x9d\x1dP~\x8a\xd4L\xc5-' .

ID: b'1357723202\x00\x00\x00\x00\x00\x00\x00\x00\x00\x00\x00\x00\x00\x00\x00\x00\x00\x00\x00\x00\x00\x00' changed name to: b'csiz\x00\x00\x00\x00\x00\x00\x00\x00\x00\x00\x00\x00\x00\x00\x00\x00\x00\x00\x00\x00\x00\x00\x00\x00\x00\x00\x00\x00' .

ID: b'1357723202\x00\x00\x00\x00\x00\x00\x00\x00\x00\x00\x00\x00\x00\x00\x00\x00\x00\x00\x00\x00\x00\x00' changed name to: b'csiz\x00\x00\x00\x00\x00\x00\x00\x00\x00\x00\x00\x00\x00\x00\x00\x00\x00\x00\x00\x00\x00\x00\x00\x00\x00\x00\x00\x00' .

ID: b'1357723202\x00\x00\x00\x00\x00\x00\x00\x00\x00\x00\x00\x00\x00\x00\x00\x00\x00\x00\x00\x00\x00\x00' changed name to: b'csiz\x00\x00\x00\x00\x00\x00\x00\x00\x00\x00\x00\x00\x00\x00\x00\x00\x00\x00\x00\x00\x00\x00\x00\x00\x00\x00\x00\x00' .

Added ID: b'1340425970\x00\x00\x00\x00\x00\x00\x00\x00\x00\x00\x00\x00\x00\x00\x00\x00\x00\x00\x00\x00\x00\x00' b'\xa9\xf1\x15\xf4\xe5FK<\xb4z\x18\x8e\xc9\xe1\xfcm\xf6\x86\xdd%\x1e=\xfd\xe9\xaa\xc2\x9d\xb0\xc9\xa8\xc4F' .

Added ID: b'986744899\x00\x00\x00\x00\x00\x00\x00\x00\x00\x00\x00\x00\x00\x00\x00\x00\x00\x00\x00\x00\x00\x00\x00' b'I*\r\x14\xeau\x12\xb9/B\x03\x14\x08y3$\xf3\xb4{3h\x03\xf9*>\xc3\xcbC\x08\xe6K\xe1' .

ID: b'986744899\x00\x00\x00\x00\x00\x00\x00\x00\x00\x00\x00\x00\x00\x00\x00\x00\x00\x00\x00\x00\x00\x00\x00' changed name to: b'csiz\x00\x00\x00\x00\x00\x00\x00\x00\x00\x00\x00\x00\x00\x00\x00\x00\x00\x00\x00\x00\x00\x00\x00\x00\x00\x00\x00\x00' .

Added ID: b'1873187352\x00\x00\x00\x00\x00\x00\x00\x00\x00\x00\x00\x00\x00\x00\x00\x00\x00\x00\x00\x00\x00\x00' b'\xa7#/jR\x89\xae\xbd\xb9\xa6\x1dz\x8bl\xe2\xb4\x8e\xa7L\x1fTs\xfd\x98\x11;\xa25\x92\x1c\x82\x8e' .

Added ID: b'1514175959\x00\x00\x00\x00\x00\x00\x00\x00\x00\x00\x00\x00\x00\x00\x00\x00\x00\x00\x00\x00\x00\x00' b'\x14\xf3\xf1kC\xdemf~\xbc\xdd!\xc7\xd56\x8c\x94\xef\xb2 )\x00\x00\xd1\x93\x01\x93\xd7\x92\xeb\xc1r' .

Added ID: b'1316668288\x00\x00\x00\x00\x00\x00\x00\x00\x00\x00\x00\x00\x00\x00\x00\x00\x00\x00\x00\x00\x00\x00' b'nl\x81,\xaa\xa7PqUL\xc9\xd6Rj1\x814\xf6#\xcez\x181\x8aO\x9d\xc6\xf0`\xf7\xd1\xf4' .

Added ID: b'1256792275\x00\x00\x00\x00\x00\x00\x00\x00\x00\x00\x00\x00\x00\x00\x00\x00\x00\x00\x00\x00\x00\x00' b'3F\xe6\x92e\x0e\xb1\xcd\x9d\xc7\xb2.\xbe\xf7\x17[y\xf0<mMZ\x88I\x11\xfe\x01/\x11\x84\x18_' .

Added ID: b'34114713\x00\x00\x00\x00\x00\x00\x00\x00\x00\x00\x00\x00\x00\x00\x00\x00\x00\x00\x00\x00\x00\x00\x00\x00' b'\xbc\xd0tnv\x83\xc0\x10)S\xfbRB\xb8B\x07\x9d\xbeg\xd1\xd7\x8d1\xe9M\x98v\xe3\x162\xb3\xb0' .

Added ID: b'167253509\x00\x00\x00\x00\x00\x00\x00\x00\x00\x00\x00\x00\x00\x00\x00\x00\x00\x00\x00\x00\x00\x00\x00' b'\xbc.\x9b\xb2\xb61`2*\xb2\xfb^_\xe7\x89\x92\x1f\x80\x9d\xa5\xe534x\xc8PTt^\xe1\xed\xd6' .

Added ID: b'1137243009\x00\x00\x00\x00\x00\x00\x00\x00\x00\x00\x00\x00\x00\x00\x00\x00\x00\x00\x00\x00\x00\x00' b'w\xac\xdcR\xe5\x0cWg\xd7\xbc\x0b\xe6\x93\x82\x83\xad\x1cL\x19,b\x9c1\xc8~4PS[U\xd5P' .

Added ID: b'1067058696\x00\x00\x00\x00\x00\x00\x00\x00\x00\x00\x00\x00\x00\x00\x00\x00\x00\x00\x00\x00\x00\x00' b'\xc4\xc4\xaf]\xd7\x81\x0f\xd5\x9fr\xdaWs\xc0\xfb\xacp\x14t\xfb\x8a\xb4]A\xbd\x03\x8fd\xf4\xaf([' .

Added ID: b'1113776978\x00\x00\x00\x00\x00\x00\x00\x00\x00\x00\x00\x00\x00\x00\x00\x00\x00\x00\x00\x00\x00\x00' b'\xc9H\xc3\x9b\x9f\xd2=\xf8\xe1x\x11\xd4\xfa\xd8\xe1\xb1Q\xea\xc4\x9bI\xba\xe2d\xf7\x83\x06\xc2X\x9d,\xd4' .

Added ID: b'1964191796\x00\x00\x00\x00\x00\x00\x00\x00\x00\x00\x00\x00\x00\x00\x00\x00\x00\x00\x00\x00\x00\x00' b'\xc5\xf8xl>\xba\x04\xaa\xbc\xb3\xce}[\xc5\x8cT\xd8\xf4\xa8\xd2X=l\xc4i\xfaW\x0e\xa7\xd3\xd5\xfd' .

ID: b'1964191796\x00\x00\x00\x00\x00\x00\x00\x00\x00\x00\x00\x00\x00\x00\x00\x00\x00\x00\x00\x00\x00\x00' changed name to: b'csiz\x00\x00\x00\x00\x00\x00\x00\x00\x00\x00\x00\x00\x00\x00\x00\x00\x00\x00\x00\x00\x00\x00\x00\x00\x00\x00\x00\x00' .

Added ID: b'118062967\x00\x00\x00\x00\x00\x00\x00\x00\x00\x00\x00\x00\x00\x00\x00\x00\x00\x00\x00\x00\x00\x00\x00' b'K\x10\x7f\x7f\xc8\xd0\x8a\xfa\xbe1\xad\x0e4\xd3\x97a\xa6\t\xfb\xf2\xe7W\xe8\x83Rr`\x88p\x96\x182' .

Added ID: b'1546549015\x00\x00\x00\x00\x00\x00\x00\x00\x00\x00\x00\x00\x00\x00\x00\x00\x00\x00\x00\x00\x00\x00' b'\xc96\x8c$\x9b\xe7gY\xe4\xc4eb\t\x83\x06H\xa7\x80\xfb\nJ\xb7~g*\x896\xf1\xef\xf4\t\xdd' .

Added ID: b'452932265\x00\x00\x00\x00\x00\x00\x00\x00\x00\x00\x00\x00\x00\x00\x00\x00\x00\x00\x00\x00\x00\x00\x00' b'\x88\xadB\xe2\xff\xda\x9e\x89f\xad\xb8\xce\x1d\x02k\xca\xc5(?@Y8)b>\x06x\xd3^\r-C' .

Added ID: b'1050697089\x00\x00\x00\x00\x00\x00\x00\x00\x00\x00\x00\x00\x00\x00\x00\x00\x00\x00\x00\x00\x00\x00' b'\x14\xad\x9e^\xe5\xd7}\xb2\xb7K\x0e\xd1\xadH\xcbX\xc4;\x7fw\xf8\xbe\xe1\x86\xbc\x07P\xd3\x08\xcb\x83\xe8' .

Added ID: b'1232952144\x00\x00\x00\x00\x00\x00\x00\x00\x00\x00\x00\x00\x00\x00\x00\x00\x00\x00\x00\x00\x00\x00' b'\xdc\xd9\xfa]\xcf\xa58#\x83R\x1d\x02|=\xd4\xf1\x029<\xf9.\x9e\xe6\xd6\xea\xb5\xe5\xd2\xa5\xdb"O' .

Added ID: b'630219139\x00\x00\x00\x00\x00\x00\x00\x00\x00\x00\x00\x00\x00\x00\x00\x00\x00\x00\x00\x00\x00\x00\x00' b']h\xb1<\x02\xdd\xde\xc0>\x1b\\]S,\x12\xbe\x0f)H\x9c\x84\x86\xd0\xa2\xb8\xe8I\x8b(\xfa\xbb\xc9' .

Added ID: b'2138038411\x00\x00\x00\x00\x00\x00\x00\x00\x00\x00\x00\x00\x00\x00\x00\x00\x00\x00\x00\x00\x00\x00' b'`{\x7f\x81\xf0\xc4-\x00\xdb\x1dA\xe3\x89\x1aX"f\x1e\xaa\x90o\x8c~(O\xeb\xb3\x0c\x13\xd4\nm' .

Added ID: b'1193363820\x00\x00\x00\x00\x00\x00\x00\x00\x00\x00\x00\x00\x00\x00\x00\x00\x00\x00\x00\x00\x00\x00' b'\x04\xf8m\xc4\xa8\xb9\x182V\xab\r\xc6\xa6Cmj~\xcb\xc2\x98\x06\\a\xcb\xbf8@\xb3\x1ah\xd4~' .

Added ID: b'1757955753\x00\x00\x00\x00\x00\x00\x00\x00\x00\x00\x00\x00\x00\x00\x00\x00\x00\x00\x00\x00\x00\x00' b'\xf1HO\xe0\x89\x86M1\x16h\xf5\xd8C\x8bX\r\xe54b\xb6o\x8e\x18\xfb\xa9\xebZ\xa3>\x9c0\xbf' .

Added ID: b'407712073\x00\x00\x00\x00\x00\x00\x00\x00\x00\x00\x00\x00\x00\x00\x00\x00\x00\x00\x00\x00\x00\x00\x00' b'et/\xaed.\xad\xf6\x90\xca\x07\x8bn R\xee!&w\x8e\x87\x10\xe7\x06\xe1\xb4\xde\xedz\xff\xa3\x1d' .

Added ID: b'1869254421\x00\x00\x00\x00\x00\x00\x00\x00\x00\x00\x00\x00\x00\x00\x00\x00\x00\x00\x00\x00\x00\x00' b'\xfa\x80\x00n\x832~ \x10*\xa2s\xc2^\x10`U:hc\x83y\x03G\x15Ln\xf3\xfd\xa0\x17\x18' .

Added ID: b'1276331625\x00\x00\x00\x00\x00\x00\x00\x00\x00\x00\x00\x00\x00\x00\x00\x00\x00\x00\x00\x00\x00\x00' b'W\x17\xdf\x8e\x9c\xb8\x90\xce\x9b\x9e\xe6#\x8f\x1c@\xc2jN"\x03,\xa3\xb5Op\xc8!<\x00\xfa\x07v' .

Added ID: b'921508390\x00\x00\x00\x00\x00\x00\x00\x00\x00\x00\x00\x00\x00\x00\x00\x00\x00\x00\x00\x00\x00\x00\x00' b'\xc9~\xf1\n\xda\xb6\xbe\x89\x96\x07\x03\xaa\x14\x14%\x84\xa5\xc1Po\xc10\x17W\x84\x9d\xf7\xd1\xe6\xa7\x12U' .

Added ID: b'1616629202\x00\x00\x00\x00\x00\x00\x00\x00\x00\x00\x00\x00\x00\x00\x00\x00\x00\x00\x00\x00\x00\x00' b'\xddN\x98\xbcC0|\x04\xea\xcc\x1eZ\xb2\xeb-S8f\xe5}\x93\tx\xfey\x8e :q\xa3}\x1a' .

Added ID: b'581793215\x00\x00\x00\x00\x00\x00\x00\x00\x00\x00\x00\x00\x00\x00\x00\x00\x00\x00\x00\x00\x00\x00\x00' b'\xdfMK\xad\x07\x95\xcc\xb5\xef\x84|\xe05\xa3\x89\xef\xdb\xefJ\x8f\x8b\x04\xcejf\xae\xb98E)\xe0\x13' .

Added ID: b'1807745455\x00\x00\x00\x00\x00\x00\x00\x00\x00\x00\x00\x00\x00\x00\x00\x00\x00\x00\x00\x00\x00\x00' b'\xd2q\x82lY\x01\xd3\x8d\xec\x14\xd5&A3\xf2\\(T\xad\xae\xd3\x06\x18\x92\xec\xc9g\x88\xec}\xf9\xfa' .

Added ID: b'1221128220\x00\x00\x00\x00\x00\x00\x00\x00\x00\x00\x00\x00\x00\x00\x00\x00\x00\x00\x00\x00\x00\x00' b'\xdc\xe8\xa03k\xcd|\xa0\xbf\xea\x1d\xb3\x88s\xf2D\xa2%S\xdb\xdb\xb2D;\x92\xfc~\t_:\xaal' .

Added ID: b'1425014314\x00\x00\x00\x00\x00\x00\x00\x00\x00\x00\x00\x00\x00\x00\x00\x00\x00\x00\x00\x00\x00\x00' b'{A.1\x1b\xa3\xb3\xc2\x0b\xa2u\xf1\xba\xe7L\xce\x0c\x83u\xdb\x98U\x9c+L\x988\xfd\xca1 \x88' .

Added ID: b'1943813695\x00\x00\x00\x00\x00\x00\x00\x00\x00\x00\x00\x00\x00\x00\x00\x00\x00\x00\x00\x00\x00\x00' b'x\x0fEh\x1b`p\xad3\xe8\xc7\xca\xc8\xf5\x8a{o7\n]BZn\x9a\x0b&\x8ci\xc98\x14%' .

Added ID: b'989933215\x00\x00\x00\x00\x00\x00\x00\x00\x00\x00\x00\x00\x00\x00\x00\x00\x00\x00\x00\x00\x00\x00\x00' b'\xea\xf8)\xf0\xa2t\x17Y\xd3sT+!S\x14\x87\xd6\x83\x9b\xbb\xdf\x8f\xf8\x8c\xc2/\x07\xa8\xb1\xd0\x1e\xcb' .

Added ID: b'583677633\x00\x00\x00\x00\x00\x00\x00\x00\x00\x00\x00\x00\x00\x00\x00\x00\x00\x00\x00\x00\x00\x00\x00' b' \xd8\x896\x03\xcf\xa4\xd8\xd3\x9fk\x1e\x99\xca\x9b\xa6\x81\xad\xeb6}\xc4\xd4\\\xe9\x13\xc7\xe3\x9bW^6' .

Added ID: b'120604581\x00\x00\x00\x00\x00\x00\x00\x00\x00\x00\x00\x00\x00\x00\x00\x00\x00\x00\x00\x00\x00\x00\x00' b'r\xe4\xcf2\xdd\x00\xde\x7f\xf4w\x1c\xdc\xf5\xces\x8e\xe2\xe2\xa9\xedMp\x00\x02Z\x99:\xd7\x00\x0eP ' .

Added ID: b'1782985857\x00\x00\x00\x00\x00\x00\x00\x00\x00\x00\x00\x00\x00\x00\x00\x00\x00\x00\x00\x00\x00\x00' b'{\x06\xc0\x08\xa1\x85|\xdf\x8a\xc1x\xeep\\\xfeq\xdd\xbb\xb5\xd0\xdf\x94\x9f%S\xb9\xd0\xd4\x9f\x1a\xf6\xe9' .

Added ID: b'1134410727\x00\x00\x00\x00\x00\x00\x00\x00\x00\x00\x00\x00\x00\x00\x00\x00\x00\x00\x00\x00\x00\x00' b'\x13b@\xd8\xcf\x0b\xad\xbf51\xe1\x8a<6\x84\r\xed\x93\xe2\xdck\x84\x8cnO\xe1\xcaSXv\xb6y' .

Added ID: b'1057634806\x00\x00\x00\x00\x00\x00\x00\x00\x00\x00\x00\x00\x00\x00\x00\x00\x00\x00\x00\x00\x00\x00' b'\x17k8\x15Q\x1d\\\xaa\xd4>\xeeKsiQ~\n\xc82\xa6\x8a\x91\xbc\xa0K\x91g\xb3D\xf5x~' .

Added ID: b'1085299995\x00\x00\x00\x00\x00\x00\x00\x00\x00\x00\x00\x00\x00\x00\x00\x00\x00\x00\x00\x00\x00\x00' b'\r\xed\x01\xb1\xa8Z\xa4r\x1d=\xd5\xf4\x95\x9a\xe5\x82\xc3\x0f\xf0NXr{eT\x17\xbd\xc4\x9cw!\xc6' .

Added ID: b'449037589\x00\x00\x00\x00\x00\x00\x00\x00\x00\x00\x00\x00\x00\x00\x00\x00\x00\x00\x00\x00\x00\x00\x00' b'\x85m\x94\xbd\x06\x81\xe4\x8f8LR\xbf\x00\x84\x84\x7f!}`\x81*A\x85\xd9\x16U\xc9d\xd5\xd6\x99\xd3' .

Added ID: b'601908435\x00\x00\x00\x00\x00\x00\x00\x00\x00\x00\x00\x00\x00\x00\x00\x00\x00\x00\x00\x00\x00\x00\x00' b'\xfd\xea\xe3\xb3&\x02\xd0n\xd1^\xe7\rio\xf2oa\xaf\xd01\xc1\xbf\xd2^\x10v\xd8\x81?L\xc6\x95' .

Added ID: b'2134102617\x00\x00\x00\x00\x00\x00\x00\x00\x00\x00\x00\x00\x00\x00\x00\x00\x00\x00\x00\x00\x00\x00' b'\xefgY2KW\xa94\xf4\xb9P\x88e\xea$\xf4a\x97\x97\x95}c\x19\xc6\x0b\x85KX\x93\xf35a' .

Added ID: b'1115126174\x00\x00\x00\x00\x00\x00\x00\x00\x00\x00\x00\x00\x00\x00\x00\x00\x00\x00\x00\x00\x00\x00' b',|0\xc8\x06\xf5,\xb9\x91\xd6\x99\xaf\xcb\xab\xaa\xeb\x83QI\x1diF[\x89{\x11i\xdb\xa4\xd2\x8fO' .

Added ID: b'1033741989\x00\x00\x00\x00\x00\x00\x00\x00\x00\x00\x00\x00\x00\x00\x00\x00\x00\x00\x00\x00\x00\x00' b'o\xba\xd9a\x90\xcf\x98\xaa\x7f\xb0\x8f\x13\x81\xf9\xca\xbd\x9cd1|\xd3\xcc\xce\xbeN\xd8C\xb6\n;\xae\x13' .

Added ID: b'128410897\x00\x00\x00\x00\x00\x00\x00\x00\x00\x00\x00\x00\x00\x00\x00\x00\x00\x00\x00\x00\x00\x00\x00' b'_N_\xfd\x1a\xce\xfb)\xd0\xe9\t=\xe3N\xa9\xde&L?\xbd\xd0\x1f\xef\x9dPZ\xbb\x835\xe3\x0b\xb1' .

Added ID: b'546534407\x00\x00\x00\x00\x00\x00\x00\x00\x00\x00\x00\x00\x00\x00\x00\x00\x00\x00\x00\x00\x00\x00\x00' b';\x04\xa5\xe50.g(\xe4\xb4?<\x18\xbeG\x83\xa8o\xcd!p\x7f\x18\xf3LC\x05\xea\xce\xbb\x8c\x10' .

Added ID: b'672561946\x00\x00\x00\x00\x00\x00\x00\x00\x00\x00\x00\x00\x00\x00\x00\x00\x00\x00\x00\x00\x00\x00\x00' b'o\x04\x9d\xb3\xc1W\x95\x1d\xc0\xa2)?\x8a\xd9\xc4\xda\xaaU\x05\xcd\x98Y~\x81\t\xde\x1f9\xbb\xfcZ\xe4' .

Added ID: b'1032945345\x00\x00\x00\x00\x00\x00\x00\x00\x00\x00\x00\x00\x00\x00\x00\x00\x00\x00\x00\x00\x00\x00' b'\x94J\x8f\xff\xd6\x02r\xce\x8a\x1f\x07&\xd6\x888\x8dH\x1b\x8aew\x84`\xa5>\r\x8aTl\xb9q\xaa' .

Added ID: b'1225869238\x00\x00\x00\x00\x00\x00\x00\x00\x00\x00\x00\x00\x00\x00\x00\x00\x00\x00\x00\x00\x00\x00' b'hk5O\xa9\x92\r\xde\x96\x07\xb2\xcbd\xbe8fV\xd2\xd7\x80D\x8f\xb2\xd2c\x99iO\xe1P\xc52' .

Added ID: b'1636724527\x00\x00\x00\x00\x00\x00\x00\x00\x00\x00\x00\x00\x00\x00\x00\x00\x00\x00\x00\x00\x00\x00' b'6\x1f\xd3\xc5r\x15XKU\x159\xe6\x18C/j{?\xbb\x8c9J\xb6\xb9[B\xaa\x14\xad\x19\xa5\xf9' .

Added ID: b'137765751\x00\x00\x00\x00\x00\x00\x00\x00\x00\x00\x00\x00\x00\x00\x00\x00\x00\x00\x00\x00\x00\x00\x00' b'\xcf\xc0\xe6\xa1\xfa\tG\xbdl\x91\xb95\xdb\xd0\xec\xa1\xc5r\xadz_\x1di\xb31N\xa3\xa3\x0fH\xee\x19' .

Added ID: b'2125920871\x00\x00\x00\x00\x00\x00\x00\x00\x00\x00\x00\x00\x00\x00\x00\x00\x00\x00\x00\x00\x00\x00' b'\x9d\xf3B\xb6\xde\x8f\xd6\t\xb6\n\xa3&\x87\x97X\xd4\xc8Q\x9a?5H\xb4\xff\x9aT\xf1\xdav\xdc.\x96' .

Added ID: b'1703281843\x00\x00\x00\x00\x00\x00\x00\x00\x00\x00\x00\x00\x00\x00\x00\x00\x00\x00\x00\x00\x00\x00' b'|d\xb3\xe4\x02\x86\x17\xb6r#\x08u\xe7\x171\x97\x07\xaa\xbf\xff\xd2\t\x0eL8#\x04\x0b\x92\xff\xfd\xa9' .

Added ID: b'386575113\x00\x00\x00\x00\x00\x00\x00\x00\x00\x00\x00\x00\x00\x00\x00\x00\x00\x00\x00\x00\x00\x00\x00' b'|\x95\x00\xcb~\x86\x98\x99Xm)\x89YA\xb6\x0e7\x95=\x96\xa1\xcd\xc5\x12\\2\x0c\xf6\xc3\xcc\xc40' .

Added ID: b'579745082\x00\x00\x00\x00\x00\x00\x00\x00\x00\x00\x00\x00\x00\x00\x00\x00\x00\x00\x00\x00\x00\x00\x00' b'\xd3\x7f\xed\x83#W\x06\x93}Z\x1bQ\x88\x83\xf4\xd1\xb4\xf1X\xa7\x18\x16\xd6u\x17G\xc3.\x07\x84\xf3\xca' .

Added ID: b'1937840017\x00\x00\x00\x00\x00\x00\x00\x00\x00\x00\x00\x00\x00\x00\x00\x00\x00\x00\x00\x00\x00\x00' b'\xe9^hD\xbdZ\x04\xfb\xc2\xb1\x84J3:\xf4@\x9d\xac\x1e\xd9\xd2\xf7\xe8\xe0B\xef\xcb\xf9JTH\x7f' .

Added ID: b'1653075584\x00\x00\x00\x00\x00\x00\x00\x00\x00\x00\x00\x00\x00\x00\x00\x00\x00\x00\x00\x00\x00\x00' b'V\xaa\x0e)\x91`\x9fqI\xf9cbW(\x08W\xfc\x8b\xac\xd5\x8b\xb0\x1e\x89\xc3\\\xc3\x19\xad\x1b\x1en' .

Added ID: b'1808781698\x00\x00\x00\x00\x00\x00\x00\x00\x00\x00\x00\x00\x00\x00\x00\x00\x00\x00\x00\x00\x00\x00' b' \x92\x869\xb6\x0c\xa0\xbc\xa5Z)8o|\xf3\xcb\x86,\xfe\x82\x83\xafO\xd8\xf3![qt\xfbP\xe5' .

Added ID: b'320461244\x00\x00\x00\x00\x00\x00\x00\x00\x00\x00\x00\x00\x00\x00\x00\x00\x00\x00\x00\x00\x00\x00\x00' b'\xc0\x0f]\x97\xc5\x97\xeaZ\xf0\xc0\xf7Lh\xe0EC\x1b\x93OymTE\x8b\x14\xa3?\xd0*\x86\xeb\xb3' .

Added ID: b'154744643\x00\x00\x00\x00\x00\x00\x00\x00\x00\x00\x00\x00\x00\x00\x00\x00\x00\x00\x00\x00\x00\x00\x00' b'"\xc0\x15\xae\x15@\x18c \xc4x\xb8t\x10\x03\xfd\x8a\xbf\xb7D(7F\xb1\xb5m\xa3\x06o84\x9a' .

Added ID: b'908761976\x00\x00\x00\x00\x00\x00\x00\x00\x00\x00\x00\x00\x00\x00\x00\x00\x00\x00\x00\x00\x00\x00\x00' b'\xf5W\x7ff\x06\xfa\x1bB\x11A\xd4\xc6\xd8\xeb|\x9cV\x91\xe2\n93\xbc\x9f<4\x1dYL"(\x03' .

Added ID: b'1174063363\x00\x00\x00\x00\x00\x00\x00\x00\x00\x00\x00\x00\x00\x00\x00\x00\x00\x00\x00\x00\x00\x00' b'\xb85\xa7\xc8*\xf3\x0f\x99\xca\x92|Hl\\B\xbf5 2\x8c0\x07\x9b\xf3t:"\x0e`u\xd2\x88' .

Added ID: b'267079087\x00\x00\x00\x00\x00\x00\x00\x00\x00\x00\x00\x00\x00\x00\x00\x00\x00\x00\x00\x00\x00\x00\x00' b'\xb4q\xb0\xbe\x9e-J\x8aNf\xa1P\x8c\xa69\x8c)>\xb1\x11o;\xc9\xbb\xba7\xf1\x85\xea\xea(p' .

Added ID: b'1530240127\x00\x00\x00\x00\x00\x00\x00\x00\x00\x00\x00\x00\x00\x00\x00\x00\x00\x00\x00\x00\x00\x00' b'\xd5\\\xf4\x1a\xf6BRK\x98:i\n$J_-\x8e\xfbF\xbbA\x0exH\x08\x0f\x15\x92\xfa\xa1)w' .

Added ID: b'1680592800\x00\x00\x00\x00\x00\x00\x00\x00\x00\x00\x00\x00\x00\x00\x00\x00\x00\x00\x00\x00\x00\x00' b',\x00\xcc\x8d\x0b\x8d;&\xe7x\xb6\x92\x916m7\xca\x81\x97?a:\n\xa1\xff\xf1\x85\x05\x96Q\x91\r' .

Added ID: b'700046494\x00\x00\x00\x00\x00\x00\x00\x00\x00\x00\x00\x00\x00\x00\x00\x00\x00\x00\x00\x00\x00\x00\x00' b'W\x1b\x9d\x97\x8c\xfdj\x9d\xcd>\x90\xcdSbV\xda\xe3\xfd\xae$=\x01\x03\xcc\xadc{>\x13{\xfbv' .

Added ID: b'359598561\x00\x00\x00\x00\x00\x00\x00\x00\x00\x00\x00\x00\x00\x00\x00\x00\x00\x00\x00\x00\x00\x00\x00' b'\x1d\xb3eNJ*\xf3\xaf$\x08\x14\xde\x13\xbfdU7\xb2\x0b\xb4\xd0\xb6\x1f6\x82>\x9aQK~\x17G' .

Added ID: b'1063426498\x00\x00\x00\x00\x00\x00\x00\x00\x00\x00\x00\x00\x00\x00\x00\x00\x00\x00\x00\x00\x00\x00' b'\xac)3[\n/\x072\xeb?\xf7\xbc\x98$\x05\x06\xed\x08\x01ET\\0\x11IK5\xa165X;' .

Added ID: b'235092673\x00\x00\x00\x00\x00\x00\x00\x00\x00\x00\x00\x00\x00\x00\x00\x00\x00\x00\x00\x00\x00\x00\x00' b'\xe4Ib\xf4\xa2i\xd3I!\xec\x06\xf1EwS\x94\x83\xae\xa2\x9c5M\x9a]\x13\xa1~\xb4\xdf?#\xa1' .

Added ID: b'480603135\x00\x00\x00\x00\x00\x00\x00\x00\x00\x00\x00\x00\x00\x00\x00\x00\x00\x00\x00\x00\x00\x00\x00' b'\xe2\xbe\t\xf8\xcb\xc6\xb8&\xbf\t\xb6\xe2n?\xd1\xbd\x98\xb7\xa9M\xac\x1a\x8d\xfd\xdd\xc0_\xa0\x81\xa2\xd4\xc1' .

Added ID: b'779731050\x00\x00\x00\x00\x00\x00\x00\x00\x00\x00\x00\x00\x00\x00\x00\x00\x00\x00\x00\x00\x00\x00\x00' b'r\x14\x13.\x84\x99\x1a\x8c6%\x94+\x19sA\xc40\x02y\xd0\xbc\xce\x8b\xc2 T\x9f\xe8\xfeJ\xbf\x00' .

Added ID: b'1249001384\x00\x00\x00\x00\x00\x00\x00\x00\x00\x00\x00\x00\x00\x00\x00\x00\x00\x00\x00\x00\x00\x00' b'\x18\xd1\xb0\xc9\xaf\x1aY\xd5u?O\xdaH_\xe4_&\x91\xd4\xc4\xa46\xf6O\xef\r\xe7C\x13,\xd8\x95' .

Added ID: b'1481597092\x00\x00\x00\x00\x00\x00\x00\x00\x00\x00\x00\x00\x00\x00\x00\x00\x00\x00\x00\x00\x00\x00' b'Y\xd8\x8a\xb0\xe8o\x14\x96\x94\x8b\xabd\xb2\x8b\xae\xd0\xce\xdcCW\xb8\x95\x8e\xbc\xfd\xfc\xe8`\x9a\x8e!\\' .

Added ID: b'1092050264\x00\x00\x00\x00\x00\x00\x00\x00\x00\x00\x00\x00\x00\x00\x00\x00\x00\x00\x00\x00\x00\x00' b'\x96\xb2\xad^\x8c&\x97\x8c\x82\x8eC\xcf\n9\xb3\x01?xa5LHF\x9e\xd8\xbd\xb6\x18\xbc\xb15E' .

Added ID: b'344457743\x00\x00\x00\x00\x00\x00\x00\x00\x00\x00\x00\x00\x00\x00\x00\x00\x00\x00\x00\x00\x00\x00\x00' b'\xaf\x90\xd1\x99$\x9b\xda\xe8I\xccD\nH\x85\xeb\x0b[h\xceD{g\x0f\t3\xe1\x19\x9a\x07\xc3\x12\x0b' .

Added ID: b'608121956\x00\x00\x00\x00\x00\x00\x00\x00\x00\x00\x00\x00\x00\x00\x00\x00\x00\x00\x00\x00\x00\x00\x00' b"ha'\x9fA\xe9\xc9\x12`\x06\xea\xf5}9\xd4\xd3\xa5\x0e+\xf6\x9c\xee\x8fE\xc3S\xd2\\\xe0T\x0f\xdc" .

Added ID: b'777224786\x00\x00\x00\x00\x00\x00\x00\x00\x00\x00\x00\x00\x00\x00\x00\x00\x00\x00\x00\x00\x00\x00\x00' b'\xe4\xa5\xe1\x08\xb0\x87\x84\xe1\x03\xf6\xa2h\x10\xcb\xd6\x8e\xc0\x93/NTy\x98\x8c\\^\x88\xb4\x8f\x84U\xfe' .

Added ID: b'1975205071\x00\x00\x00\x00\x00\x00\x00\x00\x00\x00\x00\x00\x00\x00\x00\x00\x00\x00\x00\x00\x00\x00' b"CFm\xd7Q\xa8'IIG\xb4c\xbc\x10_c+2l\x84r\xc7\xdcZ\x04NG\xd9\xcd\x1e\x04\xd9" .

Added ID: b'829924501\x00\x00\x00\x00\x00\x00\x00\x00\x00\x00\x00\x00\x00\x00\x00\x00\x00\x00\x00\x00\x00\x00\x00' b'$joIp\xa0[vH\x89\xcfu\xde\x01\x12\xc1\x8a\xbbG\x07\xe1!%B\xbb}fA\xad<@\xdf' .

Added ID: b'1114075499\x00\x00\x00\x00\x00\x00\x00\x00\x00\x00\x00\x00\x00\x00\x00\x00\x00\x00\x00\x00\x00\x00' b"Q\xa6\xe6\x1d5\x06T\x96'\xb2l\x93\xa74\xe06\xce\x16\xc5\x98\xd8F\xf6\xf5\xa7\x9f0\xa7\x85\xfeJ\xdd" .

Added ID: b'1522435453\x00\x00\x00\x00\x00\x00\x00\x00\x00\x00\x00\x00\x00\x00\x00\x00\x00\x00\x00\x00\x00\x00' b'\xfc\xbd\x83&\xea_\x07\xc0ng\xe4O\xa0I\xdb\xa9o\xa7\xa1\x91\x87~J\xa8\xd7\x0c\x95\x96CS\xd5\xa5' .

Added ID: b'1602459740\x00\x00\x00\x00\x00\x00\x00\x00\x00\x00\x00\x00\x00\x00\x00\x00\x00\x00\x00\x00\x00\x00' b"\x94x1\x83\xaa5U\x9d\x8a(`{s%\xfc*Y:u\xfc\xc6\xb9v\xe4'\x89\x97%\x85\x86!\xa7" .

Added ID: b'601772161\x00\x00\x00\x00\x00\x00\x00\x00\x00\x00\x00\x00\x00\x00\x00\x00\x00\x00\x00\x00\x00\x00\x00' b'\xa5\x96\xb0l;qGL\x002\x023\xa3QX\x83\xa5C\x0c\xabkB\xac\x0c\x1dGgq!\xb88\x9d' .

Added ID: b'759863355\x00\x00\x00\x00\x00\x00\x00\x00\x00\x00\x00\x00\x00\x00\x00\x00\x00\x00\x00\x00\x00\x00\x00' b'O\xd6;\xa0\x160?\xb0\xa4]3\x8a\xde\xeaj\x13\x86@\xea\x0c&_\xd6I\xd4\xf0\x1b\xdd\xe1\xb8\xd9!' .

Added ID: b'1484509122\x00\x00\x00\x00\x00\x00\x00\x00\x00\x00\x00\x00\x00\x00\x00\x00\x00\x00\x00\x00\x00\x00' b'#\xbc\x02\xf0\xc0\x1f\xbeO\xa4x\xd5D\xb7\x85J<\xb9\xaa\x8f\x85\xeaA\xb4\x10\xa0\x06u\x93\xd6\x9d\x08_' .

Added ID: b'99921098\x00\x00\x00\x00\x00\x00\x00\x00\x00\x00\x00\x00\x00\x00\x00\x00\x00\x00\x00\x00\x00\x00\x00\x00' b"\x92\xe5\xcb\x90M\xea\x12;\xb3\xf6\xbf\xcb9\x9f\xc0\x03O\xa1\xf8mc\x95P5B\x1d\xdc\xe6d\x0f'\xa2" .

Added ID: b'1653638142\x00\x00\x00\x00\x00\x00\x00\x00\x00\x00\x00\x00\x00\x00\x00\x00\x00\x00\x00\x00\x00\x00' b']\xd38\x1d\x86\xca\xa6\x96^\x95P"\xde\xef\xc6W\xe6\xa54r\xfe\xc4\xf3\xc1\xf2\x9f\xcf\xc62 \x91=' .

Added ID: b'1931760448\x00\x00\x00\x00\x00\x00\x00\x00\x00\x00\x00\x00\x00\x00\x00\x00\x00\x00\x00\x00\x00\x00' b'\x88M\tv\xad\xa0~\x98\xc9\x9c&\x86\xba%2\x15\xa9\xc1\xcb\x9a}X\x1aE3\xb3x\x0e\xe6g\xab\xa1' .

Added ID: b'1945036222\x00\x00\x00\x00\x00\x00\x00\x00\x00\x00\x00\x00\x00\x00\x00\x00\x00\x00\x00\x00\x00\x00' b'\xfe\x14q\xb3\x85\xae\xd2\xd0%8\xcd\xaa\x9f\x1f\xd5\xd7G2\xdc\xab\xfaY\r\xa62\x95\xcbc\x895&\x05' .

Added ID: b'556481627\x00\x00\x00\x00\x00\x00\x00\x00\x00\x00\x00\x00\x00\x00\x00\x00\x00\x00\x00\x00\x00\x00\x00' b'\xbc\xd6%\xb5\x90\x02\x9dX!\xdd\xe9j\xed\xdf\xad\xf8\xee\x8a\xae$ES\xf9\xb0\x8b\x86!\xa6\x01\xc7a&' .

Added ID: b'573608638\x00\x00\x00\x00\x00\x00\x00\x00\x00\x00\x00\x00\x00\x00\x00\x00\x00\x00\x00\x00\x00\x00\x00' b"\x1e\x9c\xe0HL\xd6'\x8cUNJ\xa1Q\x0c\xf9\x1f\xc6\x06\x7fP+-+\x18\xba\xa3\xd0\xcf\x96\xbc\x9a\xa1" .

Added ID: b'43646881\x00\x00\x00\x00\x00\x00\x00\x00\x00\x00\x00\x00\x00\x00\x00\x00\x00\x00\x00\x00\x00\x00\x00\x00' b"\xeb\xa0\xf2(i\xcf\xd9X`\x99\x98\x0f\x1e\xd7\xde\xec}\x17\xed'\xa9C4>\xb9\xf3\xbf\xaap\x9f\xe5\xca" .

Added ID: b'473244620\x00\x00\x00\x00\x00\x00\x00\x00\x00\x00\x00\x00\x00\x00\x00\x00\x00\x00\x00\x00\x00\x00\x00' b'f\x93\x8c\xcd\xe4\x18N\xeeX1T\xd9\x8e\xb3y\x07\xc3\xc3\x8dD\xb7\xb5\xc8>\x857\xa8s\xa9W^\xfd' .

Added ID: b'1194613697\x00\x00\x00\x00\x00\x00\x00\x00\x00\x00\x00\x00\x00\x00\x00\x00\x00\x00\x00\x00\x00\x00' b')k\xc7\xf9\xf1\xe5n\xd6L\x19\x96\x84;\xd8$\x04\xf0\x93qci\xcd\x94\xa1\x11^=\xa0)\xfd\x81p' .

Added ID: b'1789095744\x00\x00\x00\x00\x00\x00\x00\x00\x00\x00\x00\x00\x00\x00\x00\x00\x00\x00\x00\x00\x00\x00' b"\xd3T\xd6?o\xf0b<?l\xe41o\x95!\x15\xc1\x11\xdf\xbc\x93'\xbd\xe8\xb0\xa6\xde\xde/]<?" .

Added ID: b'990549768\x00\x00\x00\x00\x00\x00\x00\x00\x00\x00\x00\x00\x00\x00\x00\x00\x00\x00\x00\x00\x00\x00\x00' b'\x95\xb23A\x12J/\x9e\x8e\xad<\xad\x8c\x95H\xce\x8e\x93\x88\xfb\xa1\xbf\xdd\xed\x11\xe6\x17\xf4%\x16\xae\xfd' .

Added ID: b'635628103\x00\x00\x00\x00\x00\x00\x00\x00\x00\x00\x00\x00\x00\x00\x00\x00\x00\x00\x00\x00\x00\x00\x00' b'8\xf4\x15\xe0<V\xfa3\x91\xd0N\x95h\xb8\xb8\xb1A\xaf(\x8c\xdf\x99\xb0\x86\xc4\x8eKvx\x16"\xad' .

Added ID: b'1641484568\x00\x00\x00\x00\x00\x00\x00\x00\x00\x00\x00\x00\x00\x00\x00\x00\x00\x00\x00\x00\x00\x00' b'\x19\xd8\x0f\xa9\x14/\x94}B\xcb\xf7\xe5\xf5@\xe1\x06\xa8*\xdc\xc0\xd2\xdb\xf8\xdf\x882\x00\xb1\xd6\xfa_[' .

Added ID: b'241934384\x00\x00\x00\x00\x00\x00\x00\x00\x00\x00\x00\x00\x00\x00\x00\x00\x00\x00\x00\x00\x00\x00\x00' b'y\x86\xd9o\xddo\xa4q@\x9dP\x12\xec\x13\xd3o\x16{;\xcf\xf1\x13\x07\xb1\xf7&e\xf6\xaa\xd2ok' .

Added ID: b'2002717903\x00\x00\x00\x00\x00\x00\x00\x00\x00\x00\x00\x00\x00\x00\x00\x00\x00\x00\x00\x00\x00\x00' b"\xe9\xfc\x1f\xbc_:\x13\\\x02\x9cs\xfdl\xf8\x97'\xdfM6>x{\xdc\xaa\xbd\x02\xb4\xe7\xe7\xb1\xbd7" .

Added ID: b'1937051484\x00\x00\x00\x00\x00\x00\x00\x00\x00\x00\x00\x00\x00\x00\x00\x00\x00\x00\x00\x00\x00\x00' b"\xd7\xaepNU\x96\xeeu\x1e\xb4\xed'\xc5\x12V\xe6<\x7f\xc9\xbf\xe4L#\xb3)v\xed:\xa6k\xda!" .

Added ID: b'658834377\x00\x00\x00\x00\x00\x00\x00\x00\x00\x00\x00\x00\x00\x00\x00\x00\x00\x00\x00\x00\x00\x00\x00' b'\xe3\xd4>\x87\x8ez*b\x9b\x11*\xf5\xd6\x97\xd1)w0\xc8\x90d\x13\xcd\xa79\x85\xb1\x06\xf8\xe7\xc2\xe4' .

Added ID: b'2041660721\x00\x00\x00\x00\x00\x00\x00\x00\x00\x00\x00\x00\x00\x00\x00\x00\x00\x00\x00\x00\x00\x00' b'Z\xfd\xa2\x1b-\x05\xab\xc4\x7fg\xbf\xed\xddh\xdd\xd1\xd2\xf1_\xf4:1\x92\x93X\xfd6\xc9OQ0\x06' .

Added ID: b'1783653510\x00\x00\x00\x00\x00\x00\x00\x00\x00\x00\x00\x00\x00\x00\x00\x00\x00\x00\x00\x00\x00\x00' b'\xa9.\x99\xdb\xd6[\x000l\xf3\xc3\xa4\xa8\xba\xfe\xb3j\xc0R\x8eUN\x7f\xcd\x1c\x18\x0f\xd5\xdc\xb9\xc6c' .

Added ID: b'1220602808\x00\x00\x00\x00\x00\x00\x00\x00\x00\x00\x00\x00\x00\x00\x00\x00\x00\x00\x00\x00\x00\x00' b'\xd6\x88l}3K\xaaR\xc7\xb5\xb8\xc5\x15\xf31\x9c\xb4\x05\x11T{\x90=A\xa6c\x12\xd1F\x82\xc4(' .

Added ID: b'736675438\x00\x00\x00\x00\x00\x00\x00\x00\x00\x00\x00\x00\x00\x00\x00\x00\x00\x00\x00\x00\x00\x00\x00' b'\x9a\xf9\xa97L70\x8fdj\xf6P\xb0\x99{W\x10\xe5YL\xc9\x12`5\x98\x971\xa8\xdd\x98\xbe\xf5' .

Added ID: b'1299687167\x00\x00\x00\x00\x00\x00\x00\x00\x00\x00\x00\x00\x00\x00\x00\x00\x00\x00\x00\x00\x00\x00' b'\x027\xa4\xf5\xfa\xc1\x98\x1c\xf2\x82\x1fq\xe5\xa6\xd0`@\x06[y/\xedO-^\x7f\x80\xe8\xd0\x16\x18\xf5' .

Added ID: b'1897945283\x00\x00\x00\x00\x00\x00\x00\x00\x00\x00\x00\x00\x00\x00\x00\x00\x00\x00\x00\x00\x00\x00' b'5\xc1\xa9\xa1[\xeb#L\xb8\xdc\x1c\xea\x11\x01\xcevN\x96|\xbb\xec\x13\x16\x8e\\H}\xd7k~m\xa0' .

Added ID: b'1407227451\x00\x00\x00\x00\x00\x00\x00\x00\x00\x00\x00\x00\x00\x00\x00\x00\x00\x00\x00\x00\x00\x00' b'\xb080w98\x84s(\xc9u\x19\xc8\x98\xe5\x89\xb6;Q\xf6#\xde\x12#\x1f"I\xfbkpcl' .

Added ID: b'647225973\x00\x00\x00\x00\x00\x00\x00\x00\x00\x00\x00\x00\x00\x00\x00\x00\x00\x00\x00\x00\x00\x00\x00' b'J\x925\x7f\t\x97ST_\xe6\xd8I\x81)\xa8\x97\x19#\x8e\x9b\xc5\x05\x19$\xe6\xd4ibO\xb9g\x99' .

Added ID: b'968211586\x00\x00\x00\x00\x00\x00\x00\x00\x00\x00\x00\x00\x00\x00\x00\x00\x00\x00\x00\x00\x00\x00\x00' b'/\x02\'\xfd\xb7\xe3\x18\x8c\\(\x017\\\x08\xf5Pkn\x83\n\x9fl\x15\x01O\xa4\xc4\x0f"\x88\x17\x91' .

Added ID: b'617070995\x00\x00\x00\x00\x00\x00\x00\x00\x00\x00\x00\x00\x00\x00\x00\x00\x00\x00\x00\x00\x00\x00\x00' b'z\x08\x9f-\xc1c\xb8HW?v\x9e8\xe7\xf5\x7f*\xca2d\xfb:\x00\x9bk\xd6\x82\xdb\xd8\x92=\x95' .

Added ID: b'850389969\x00\x00\x00\x00\x00\x00\x00\x00\x00\x00\x00\x00\x00\x00\x00\x00\x00\x00\x00\x00\x00\x00\x00' b'{c f$\xf8\x06\rt1\x86l\xbbs\x8a\x81\x1f2\\\xcba\x9b-4\xb5Z\xceN\x88\xd8\xe5u' .

Added ID: b'991928831\x00\x00\x00\x00\x00\x00\x00\x00\x00\x00\x00\x00\x00\x00\x00\x00\x00\x00\x00\x00\x00\x00\x00' b"\xf0M\x11\x85\x02\x0e\r\x1d\x0e\x9b\xc4\x8d\r\xb6'\xf6\x9d\xbc\xd9uuJ\xf2p/n\xb7\x88<UQ\x02" .

Added ID: b'1197621\x00\x00\x00\x00\x00\x00\x00\x00\x00\x00\x00\x00\x00\x00\x00\x00\x00\x00\x00\x00\x00\x00\x00\x00\x00' b'\xa1\x18\xedz\x1fU\xf75[\xa7\x9b\xb5\x89@M\xc5\xd8\x7f\xd3_\xcbw\xd9\xed\x9bg\xc39\xc4\xe5&\x8f' .

Added ID: b'1731746296\x00\x00\x00\x00\x00\x00\x00\x00\x00\x00\x00\x00\x00\x00\x00\x00\x00\x00\x00\x00\x00\x00' b'\x92}E\xb8\xb6\x9e\x12\xcb>\xd3\xcd\xaa\xe9\xfd\x89\x12\xea\xb4\x9e\xb9\xbf\xb8Ov\x15\xc3E7\xe2X9\x98' .

Added ID: b'1476223466\x00\x00\x00\x00\x00\x00\x00\x00\x00\x00\x00\x00\x00\x00\x00\x00\x00\x00\x00\x00\x00\x00' b'\x16\xb9\x1f:Q\xd0\xea\xcd\x84\xd8\xb9\xf69So\x85b?\xf3\x0bf\x89-j\xf2\xc2DA\xda\xeaX\xa0' .

Added ID: b'218319283\x00\x00\x00\x00\x00\x00\x00\x00\x00\x00\x00\x00\x00\x00\x00\x00\x00\x00\x00\x00\x00\x00\x00' b'({\x9e\xfdr1\xcbC\xfaG\x8e\x12E\xd2\xd3kn\xc9\xfdKv$&\x8dU(\x06Xwi%\xaa' .

Added ID: b'830187640\x00\x00\x00\x00\x00\x00\x00\x00\x00\x00\x00\x00\x00\x00\x00\x00\x00\x00\x00\x00\x00\x00\x00' b'F/\xe7\x9fx\x01\x88EOM8i\xd5\xb7\x0b\xa4\xb7\xa0:\xe0\xea\xc9\x0e@\xf5\xd7\xbel\x9b\xcb\xb5o' .

Added ID: b'1068920902\x00\x00\x00\x00\x00\x00\x00\x00\x00\x00\x00\x00\x00\x00\x00\x00\x00\x00\x00\x00\x00\x00' b'\xe0\xe9\t\xf7D<3\xc4\x17\x06!\xcd\\n$\xf7`t7c\xa4\xe5\xd7\xae7\x99V>G\x15\xbaD' .

Added ID: b'1235606856\x00\x00\x00\x00\x00\x00\x00\x00\x00\x00\x00\x00\x00\x00\x00\x00\x00\x00\x00\x00\x00\x00' b'\t\xf5\x1a2\x03\xe2\xa4\xaa\x8a\xa7\xb1*\x90\xb8\xffX\x92\x90\xb8\xf9S_A%2\xd9\x01\x9am\xdf%\xa6' .

Added ID: b'690854238\x00\x00\x00\x00\x00\x00\x00\x00\x00\x00\x00\x00\x00\x00\x00\x00\x00\x00\x00\x00\x00\x00\x00' b'\xd8\x17\xfb\x17>V\x96\xaa\xc2\xa0\xc1q\x1e\x7f\xabcTj\x0f\x84\x18\xe1\xfd\xb3\x18\xbf\xa1\xa4\x8a\x169\xb4' .

Added ID: b'766856556\x00\x00\x00\x00\x00\x00\x00\x00\x00\x00\x00\x00\x00\x00\x00\x00\x00\x00\x00\x00\x00\x00\x00' b'\xeeE\xa5\x97\xee+ <Z\xb4\x8e0\xe4\x85\xe9\x03\xc8\xe0\xa8E\xf1\xec;9\x1d\x10\xf3\x0fc\xbf9D' .

Added ID: b'231457535\x00\x00\x00\x00\x00\x00\x00\x00\x00\x00\x00\x00\x00\x00\x00\x00\x00\x00\x00\x00\x00\x00\x00' b'\x8a\x0f}o\xa2L\xd5g\xce4\x14\xf3\xbf\x9e\xb32\x05\xda\x9f\x8d\xd3*\xcb\xe0\x8c\x11\xbb\xb3#\x0b\x1d\xc2' .

Added ID: b'397574505\x00\x00\x00\x00\x00\x00\x00\x00\x00\x00\x00\x00\x00\x00\x00\x00\x00\x00\x00\x00\x00\x00\x00' b'\x87E\xf5\xbe\xc4\x8f\xcb\xa4\xd1\x0fWt\xab\xbczk\x1e\xd8\xde"q\xc2e|\x90B\xcdkT\x1a\xc6e' .

Added ID: b'723467632\x00\x00\x00\x00\x00\x00\x00\x00\x00\x00\x00\x00\x00\x00\x00\x00\x00\x00\x00\x00\x00\x00\x00' b"\x1e\xfb'\xda?\x1d\xd3P<\xe5\xe25\xda\x93F%l\xf7\x08k\xab\x9bP\x9a3\x1a\xf0JUB\xbc\x92" .

Added ID: b'2090311443\x00\x00\x00\x00\x00\x00\x00\x00\x00\x00\x00\x00\x00\x00\x00\x00\x00\x00\x00\x00\x00\x00' b'\xb3y\xf3\x8e\x83_\xd2\xf4\x816\x05\xd1\x16\xa5\xca"\xcck\x11{\x93\x97\xbf2A\xccue<x\xf9\x9b' .

Added ID: b'807953342\x00\x00\x00\x00\x00\x00\x00\x00\x00\x00\x00\x00\x00\x00\x00\x00\x00\x00\x00\x00\x00\x00\x00' b'\x9a\xf0z\x9a\x006\x98\xa7\x0f;\xff\x9dF6\xcc\x12\xfc3A\xc6\xef\xf3\x80\x10Dt\x0ea\xcd\xa2u\xca' .

Added ID: b'1251801235\x00\x00\x00\x00\x00\x00\x00\x00\x00\x00\x00\x00\x00\x00\x00\x00\x00\x00\x00\x00\x00\x00' b'\xa8\xf4kR\xc6\xf4\xfa\x96\xe3.g|W\xf9\xbb\x80\xc8\xa5F\x08\xbd\xf0\xfa\x0f\xa4\x8f(D\x81\x8a\xa9\xb5' .

Added ID: b'1405632932\x00\x00\x00\x00\x00\x00\x00\x00\x00\x00\x00\x00\x00\x00\x00\x00\x00\x00\x00\x00\x00\x00' b'&e\xde\xa1\xa1\x8aN\xa4^B{\xb7\xd1\xb1eG\xcb\xc9\x0b\xf9\x1b\x98\xf5\x88\xe3rg\x19\x97*UR' .

Added ID: b'105288964\x00\x00\x00\x00\x00\x00\x00\x00\x00\x00\x00\x00\x00\x00\x00\x00\x00\x00\x00\x00\x00\x00\x00' b"={!d$jlB#\x9bm\x91$zre=I\xae\x0f\x07\xd0\xa4\xdbB\xc1\x96'\xb6\xa7\xca " .

Added ID: b'1452030432\x00\x00\x00\x00\x00\x00\x00\x00\x00\x00\x00\x00\x00\x00\x00\x00\x00\x00\x00\x00\x00\x00' b'T\xa3\xc6\xbf\xd1\x94\r\xf6\x7f+nA\xf4\xcdy\xa5\x80\x8a\x9b\xa5\xc6\xec\x9a\xd3-\x04"cl-g\xa5' .

Added ID: b'1301028147\x00\x00\x00\x00\x00\x00\x00\x00\x00\x00\x00\x00\x00\x00\x00\x00\x00\x00\x00\x00\x00\x00' b'b \xc6\xd6\xb2f\x9eg\xdb\xf1\x174\xf4*\xf9\x99\xfc\xa9L\xd7\xa1\xb1\xce\x1b(b>\x10\xa8d\xa1"' .

Added ID: b'1928664197\x00\x00\x00\x00\x00\x00\x00\x00\x00\x00\x00\x00\x00\x00\x00\x00\x00\x00\x00\x00\x00\x00' b"\xf9ui,\xa7\xc8\xb6\x1dM\x99\xeev\xfd9\x1f+\xf8\xb7\xda\x98'\xe5\x1f\x05|\xb5\x0b\x82\xd8H\xac\x06" .

Added ID: b'1925334424\x00\x00\x00\x00\x00\x00\x00\x00\x00\x00\x00\x00\x00\x00\x00\x00\x00\x00\x00\x00\x00\x00' b"\x85~\x98gx+\x89o\xb4\x1d\xe7\x0f\xf7\xd5\x93\r'?\x1b?\x12\xb3p@\x86LFx3\xcb\x11%" .

Added ID: b'1734072325\x00\x00\x00\x00\x00\x00\x00\x00\x00\x00\x00\x00\x00\x00\x00\x00\x00\x00\x00\x00\x00\x00' b'\xff\xa4\xfe\xa0p#\xf2\x9b\xee\xdd\x93\xc5\xa8\x1e\x04\x907\x18#\\\xbcl\xec\xb9,\xfe\x1e\xef\x98 \xbc\x08' .

Added ID: b'1859168682\x00\x00\x00\x00\x00\x00\x00\x00\x00\x00\x00\x00\x00\x00\x00\x00\x00\x00\x00\x00\x00\x00' b'\xd8\n\x88\xe9^\x80\x80\x0e!\x81\xc6\x8a\x8c\xd0\xd7\x15\x1e\tM[\xba\x7f\xab14@$\xe9\x8a\xb1\xcfY' .

Added ID: b'585260735\x00\x00\x00\x00\x00\x00\x00\x00\x00\x00\x00\x00\x00\x00\x00\x00\x00\x00\x00\x00\x00\x00\x00' b'\xbfl\x0b\xfe\\\xf8\x92\x13u.\x9b\xbf\xdbw\xd2\xeb\x0b\x97\x02\xfc\xdf{\x9b\x9c\x9e*\xc9NG\xc5\xef\x1d' .

Added ID: b'1318592045\x00\x00\x00\x00\x00\x00\x00\x00\x00\x00\x00\x00\x00\x00\x00\x00\x00\x00\x00\x00\x00\x00' b'C\xa3\xd2\xd5\x0c?\xc35\x99sz"\xa0\xab\x8b\xba\xc7\xb7\x1d\xfd\xca\x05s\x9d\xde\x1f&\xd4\\\x0e\x92\'' .

Added ID: b'467378549\x00\x00\x00\x00\x00\x00\x00\x00\x00\x00\x00\x00\x00\x00\x00\x00\x00\x00\x00\x00\x00\x00\x00' b'\x11\xdc\x11\xa1G\x80Rb% \x86\x15\x19n\xf9e\x8e\x1f2\xfe\x16\x93\x06\xfd\xb6\xdf\xad\x02\x01\x1eo\x9f' .

Added ID: b'1299375769\x00\x00\x00\x00\x00\x00\x00\x00\x00\x00\x00\x00\x00\x00\x00\x00\x00\x00\x00\x00\x00\x00' b'\xb2\x1a\x91,\xc4\x14\xc1"QCp\xd8\x81\xce\xb7\x04t\xc2\x89e#%\x0b\xbf\x9f\xbaq\xf4W\x86\x18\x94' .

Added ID: b'264879650\x00\x00\x00\x00\x00\x00\x00\x00\x00\x00\x00\x00\x00\x00\x00\x00\x00\x00\x00\x00\x00\x00\x00' b'w\xd8\xect\xaf\xbb\xa1\xcc\xda\xc2z\xcc9\x97O\x8d\xe1\x84U\x03\x88}\xfb\xb5>\x89\xf0\xab\xa2M\xeb\x8d' .

Added ID: b'2128321034\x00\x00\x00\x00\x00\x00\x00\x00\x00\x00\x00\x00\x00\x00\x00\x00\x00\x00\x00\x00\x00\x00' b'\xde\xe0\x8f\x18\x9d\x83 \x8ecG\x8a\xa7m\x89K"\xa4gx\xc9rMm\xea\xfe\x9f\xf6\xf4T\xd5|\x01' .

Added ID: b'1315242998\x00\x00\x00\x00\x00\x00\x00\x00\x00\x00\x00\x00\x00\x00\x00\x00\x00\x00\x00\x00\x00\x00' b'`\x14<\xab\x8d\x9e\x8a"\xca\xdd/\xb6%\xaf\xc1\xf7\xd0\x08[\x86\x87\'D\xe0\xb2\xe9b\xb5\x8d&\x13\xb0' .

Added ID: b'255658616\x00\x00\x00\x00\x00\x00\x00\x00\x00\x00\x00\x00\x00\x00\x00\x00\x00\x00\x00\x00\x00\x00\x00' b'\xa0\xbb\x9b;\xa2\xd0Q\x98-\xfb;\xacZ\x02\xd3\xdeJ\xb6MlV\xa9\x98Z[\xee&\x8cp\xf8\x95:' .

Added ID: b'425105973\x00\x00\x00\x00\x00\x00\x00\x00\x00\x00\x00\x00\x00\x00\x00\x00\x00\x00\x00\x00\x00\x00\x00' b'2fJ\xc8!4\xce\x8d\x9b\x82\xb2?\xea+\xa3\xc9\x9c\x1d\xdf\x17h\xe5iP\xad\x03aq\x8e\x8a1\x01' .

Added ID: b'1873350047\x00\x00\x00\x00\x00\x00\x00\x00\x00\x00\x00\x00\x00\x00\x00\x00\x00\x00\x00\x00\x00\x00' b'*k\x98\xf3\x98{\x16\xee\x0c\xdb\xabl+\xa8\xfd\xbe$\xb4T\xbb\xfa\x85\x18j\xc3\x97B\xd6\xe1\xe1\xa6\x1b' .

Added ID: b'2141665994\x00\x00\x00\x00\x00\x00\x00\x00\x00\x00\x00\x00\x00\x00\x00\x00\x00\x00\x00\x00\x00\x00' b"\x91\x82\xa2\xe8\xd9\xc6\x9c\xf7\xd3\x96\xf2w-+\xf0\xb2~\xc9\xec\xeb\x05W'~\xd8[\x02b.\xd4\x06\x00" .

Added ID: b'1608334396\x00\x00\x00\x00\x00\x00\x00\x00\x00\x00\x00\x00\x00\x00\x00\x00\x00\x00\x00\x00\x00\x00' b'{\xeeZUf\x11\xe8E\xe4\xb9\x1f\xe5\x07\x85\x0b\x0e\xa4\xf29\x0f\x8c\x8e\xbco\xbe\n !\xb6\xc8j\x82' .

Added ID: b'1234180408\x00\x00\x00\x00\x00\x00\x00\x00\x00\x00\x00\x00\x00\x00\x00\x00\x00\x00\x00\x00\x00\x00' b'\x140\xcd\x96T\xe9\x12\xbb\xcb\x91\xe4\x14T\xe5:\xec\xa8c\xe3\xd1Z\xa5\x18\xf1\xfa\xd6\n\x93\xb7\xf1\x7f\xd8' .

Added ID: b'2061712926\x00\x00\x00\x00\x00\x00\x00\x00\x00\x00\x00\x00\x00\x00\x00\x00\x00\x00\x00\x00\x00\x00' b'[\xe5q TI|\xad2^\x9e*t\xd9Q/(\xe4\xbd\xf9\x94\xa4\x0b\xe9\r\x14\x83|\x027\xff\x8b' .

Added ID: b'1784843251\x00\x00\x00\x00\x00\x00\x00\x00\x00\x00\x00\x00\x00\x00\x00\x00\x00\x00\x00\x00\x00\x00' b'\xa5\x0f\xde\x93\xcd\xac\xa0!\xe5\xac\x10\xd2~-\xc10_\xd0\xc55l\x9e\xb0\xee\xfd:c\x90B6\xdes' .

Added ID: b'1219760089\x00\x00\x00\x00\x00\x00\x00\x00\x00\x00\x00\x00\x00\x00\x00\x00\x00\x00\x00\x00\x00\x00' b'5\x9d\xff\x91\xbb;\x99/?\xed\x02T\x9f,\x86\xa6\xdb\xe24ed\xaf\xac\x07\xd4\xd7\x05e~ZR<' .

Added ID: b'952387460\x00\x00\x00\x00\x00\x00\x00\x00\x00\x00\x00\x00\x00\x00\x00\x00\x00\x00\x00\x00\x00\x00\x00' b'G\xc3\x95Ou\xdc\x1c\xd3\xd42x6\x0f\xe3\x9b-\xb3\x16\xe15\x04b\xa7\xb4\x01}\xce\xa1\xd7i\xa2\x1e' .

Added ID: b'1803347136\x00\x00\x00\x00\x00\x00\x00\x00\x00\x00\x00\x00\x00\x00\x00\x00\x00\x00\x00\x00\x00\x00' b'\xb3\x93\x06\xfd\xbc\xa8\xfc\xd8\xb4\x97\xe1X\xd9\xe6\t\x9e6w\xe4\x8f\x94\xe0W\x94)\x03\x9b\x04\xedz\xcb\xff' .

Added ID: b'3003448\x00\x00\x00\x00\x00\x00\x00\x00\x00\x00\x00\x00\x00\x00\x00\x00\x00\x00\x00\x00\x00\x00\x00\x00\x00' b'2\xc6\xb8n\xc4E\xe4~8h\xaa\xbcpdsW\xe3\xf2/"+TS(\xcf."\x0f\x99\x01\x07s' .

Added ID: b'1461158503\x00\x00\x00\x00\x00\x00\x00\x00\x00\x00\x00\x00\x00\x00\x00\x00\x00\x00\x00\x00\x00\x00' b'\xd1"\xed\x80\xc4\xb6sI\xf4-x\x81\x1b\xbd\xaa\x91\xf9\xfa\xd2JDl\xd7z 0\x1f\xf9\xba9\x9et' .

Added ID: b'1115514039\x00\x00\x00\x00\x00\x00\x00\x00\x00\x00\x00\x00\x00\x00\x00\x00\x00\x00\x00\x00\x00\x00' b'?B"\xafC\xcd-\xfc\x9b[\t\xd81\xff\x8cP&\xc6\xde\xb9A\x0f\x93\r\xe9|\xe5\x1eu8\xc0f' .

Added ID: b'529931946\x00\x00\x00\x00\x00\x00\x00\x00\x00\x00\x00\x00\x00\x00\x00\x00\x00\x00\x00\x00\x00\x00\x00' b'&`\x88$u\x971\xfa\xf3\xd9dV]<\xe8Kc\xeb\xea\x1e^\xaf9w\xa0\xab\x98Z{Pi\x91' .

Added ID: b'2126048563\x00\x00\x00\x00\x00\x00\x00\x00\x00\x00\x00\x00\x00\x00\x00\x00\x00\x00\x00\x00\x00\x00' b'b\x90\xba5a\x0e\x88{\xf9k:9\xa8Z\x0b\x1czo\xdd\x05\xd9\x92K\x84+,Sj.\x85\xc4\xb0' .

Added ID: b'522644644\x00\x00\x00\x00\x00\x00\x00\x00\x00\x00\x00\x00\x00\x00\x00\x00\x00\x00\x00\x00\x00\x00\x00' b"\x15b\x99##\xc4\x16\x9b\xfe%\x07\x9c\xbb\x07L\x99\x9dV'\xe3\xa9\xe0\x19K?\x08\xc6\xa3\x88nxQ" .

Added ID: b'1627845403\x00\x00\x00\x00\x00\x00\x00\x00\x00\x00\x00\x00\x00\x00\x00\x00\x00\x00\x00\x00\x00\x00' b']~DF\xb8XZJl\x7f\xe4\xbd\xa8f\xfe\x16m8\x8c\xae\xbc\x02\x04\n\x80\xe4W\xa8>\x83\xba"' .

Added ID: b'647761518\x00\x00\x00\x00\x00\x00\x00\x00\x00\x00\x00\x00\x00\x00\x00\x00\x00\x00\x00\x00\x00\x00\x00' b'\xe0\x0c\x9d\x84z\x8e\x1d\xefd,|\xfd{\xd5`\x04\xf1\x80\xa1\xbf\x94\xd8+\x01\xe7\x1euw\x00z\xa0\x83' .

Added ID: b'1866107963\x00\x00\x00\x00\x00\x00\x00\x00\x00\x00\x00\x00\x00\x00\x00\x00\x00\x00\x00\x00\x00\x00' b"\xf9*%W\x9b\xb9\xbdI\xd9\x9e'a]r\xc7Dv\x04\xb2^\xd7|\xd5]\xb8\x97Z\x88VS\xd3\x03" .

Added ID: b'436186252\x00\x00\x00\x00\x00\x00\x00\x00\x00\x00\x00\x00\x00\x00\x00\x00\x00\x00\x00\x00\x00\x00\x00' b'4\x8c\x16Q\xd8b\x8e\xf2\xbfY\x83>Y\x88\xf1$a\xc5\x16\xec\xe4`G\xff\xe1v(\x93,A\xb5+' .

Added ID: b'46255651\x00\x00\x00\x00\x00\x00\x00\x00\x00\x00\x00\x00\x00\x00\x00\x00\x00\x00\x00\x00\x00\x00\x00\x00' b'+\xce\x01\xb5[N\x8f\x8c\xd3\xac\xdf5\x14af\xd3\xd3\xba\xda\x9cd\x1a\xb8$rG\xbb\x1e\x1dw\x8c\xd8' .

Added ID: b'1105519888\x00\x00\x00\x00\x00\x00\x00\x00\x00\x00\x00\x00\x00\x00\x00\x00\x00\x00\x00\x00\x00\x00' b'\x08]9KjB\x99\xf9@[\xfd\x14\xe3\x01\x92r\xd6\xa6!\xa4)fsw\xa4\\<&k\xee\x13\x9f' .

Added ID: b'1244855864\x00\x00\x00\x00\x00\x00\x00\x00\x00\x00\x00\x00\x00\x00\x00\x00\x00\x00\x00\x00\x00\x00' b'\xb8\x16\x0b\x85\xc5\x82\xd8A\xd7\xed\xc6\xf1Z\xed\xae\xd1\x95\xba\x0f\xda\xb6U\xbc\xc3$\nz\xd4\x1f\xbe\x90w' .

Added ID: b'336728755\x00\x00\x00\x00\x00\x00\x00\x00\x00\x00\x00\x00\x00\x00\x00\x00\x00\x00\x00\x00\x00\x00\x00' b'\x85]\xba\xd8x\x88\xc8A,.\xdb\xd0\xbb\xd96\xb5\xf9\xb4_\xf5u\xcd\xa2\x98>m\xa9\xe1v\xa6}o' .

Added ID: b'1397413764\x00\x00\x00\x00\x00\x00\x00\x00\x00\x00\x00\x00\x00\x00\x00\x00\x00\x00\x00\x00\x00\x00' b'4\xbcY\xe2\xe8\x96\xac\x9ab\x10\xc9\xd2(\xa2\x00U+\xed\xae\x97\x8f\xf7\x15\x95<\x8b\x84V\x81\xab\xd3\xb8' .

Added ID: b'1561923570\x00\x00\x00\x00\x00\x00\x00\x00\x00\x00\x00\x00\x00\x00\x00\x00\x00\x00\x00\x00\x00\x00' b'JG_\xbc\xb7\x92\x12\xdd\xba-\x87\x10g\xea^\xc8\xa8\xa6G4h|L\x94\xc9\xbf\xf0\x13-\xefw\xd0' .

Added ID: b'1156984026\x00\x00\x00\x00\x00\x00\x00\x00\x00\x00\x00\x00\x00\x00\x00\x00\x00\x00\x00\x00\x00\x00' b'\xd6\xb4\xd7\xbfi<\x0734\x8a%\x96\x10\xec*\xa8<t3\x84w\x08\x83\x01\xb1\n\x14_\xe6%?\x12' .

Added ID: b'186218336\x00\x00\x00\x00\x00\x00\x00\x00\x00\x00\x00\x00\x00\x00\x00\x00\x00\x00\x00\x00\x00\x00\x00' b"\xb2;\xfb\x8bK\x16\xd2\xafK\xc6\xa5T\x9a\x84\x92\x8b'\xfe\xe2\x805<\xc6P\xfdW\xe35%\x8d\xb5+" .

Added ID: b'110049397\x00\x00\x00\x00\x00\x00\x00\x00\x00\x00\x00\x00\x00\x00\x00\x00\x00\x00\x00\x00\x00\x00\x00' b'3\x8cc\x0e\x8b+~Z{\xda\xb7\xd5\x9aD\xab\x81\xe2\xb1\x9cQ)W\xd2\x01\x14\xd5d\x1d\x88j\xaf\xf7' .

Added ID: b'2138051198\x00\x00\x00\x00\x00\x00\x00\x00\x00\x00\x00\x00\x00\x00\x00\x00\x00\x00\x00\x00\x00\x00' b'\x1d\xa2\xf2\xee\xd4\x1fq\xd9\x9f\xda\xe1\tz\x95h )\xc48\xc4\x0eU^p\xde\xc2N~\x87\xef\x07J' .

Added ID: b'91085795\x00\x00\x00\x00\x00\x00\x00\x00\x00\x00\x00\x00\x00\x00\x00\x00\x00\x00\x00\x00\x00\x00\x00\x00' b'^W\xab\x17\xde\xf2\xc3\x93\x8c\x8f\xac\x98W\xd5\xf5(9Nns\x9d\xc6ciS\x85\x158\xf0B\x16\xb8' .

Added ID: b'306890498\x00\x00\x00\x00\x00\x00\x00\x00\x00\x00\x00\x00\x00\x00\x00\x00\x00\x00\x00\x00\x00\x00\x00' b'J\x0c\x92\x90\x8a\xf7\xc8[W\xc0_\xa4\xf6\xce\x1fq\xf5&\xcf\xf5\xe9c\xfa\xd4C\xc3<$>,J\xba' .

Added ID: b'328216678\x00\x00\x00\x00\x00\x00\x00\x00\x00\x00\x00\x00\x00\x00\x00\x00\x00\x00\x00\x00\x00\x00\x00' b"\xf6\xf6\xc3c\xd0\x0e\x96\xae\xb5\x13'\xfb\x86\x92z\xda\xc8\x00\x84\xbd\xab\xccdH\x9b|\x01\xb4\xd4\x8b\x92\xeb" .

Added ID: b'827689709\x00\x00\x00\x00\x00\x00\x00\x00\x00\x00\x00\x00\x00\x00\x00\x00\x00\x00\x00\x00\x00\x00\x00' b'\xc3X\x06\xcaj\x11\x0e\x7f\xf1\x0e\x8c7\xeb\x07\xe9\xa8\xf2RxX\xf5\xcda\x9a\x10\xb72\x1a\xa7\xde\xa02' .

Added ID: b'1425741937\x00\x00\x00\x00\x00\x00\x00\x00\x00\x00\x00\x00\x00\x00\x00\x00\x00\x00\x00\x00\x00\x00' b'\x06~\xddn\xb0\xf4}\x95\x8flH\xc0\xf0\xf4W!,\x10\xd1\xdfN\xc6Es\xdd\x86[\xa4\xa3c\x08\xb8' .

Added ID: b'910864813\x00\x00\x00\x00\x00\x00\x00\x00\x00\x00\x00\x00\x00\x00\x00\x00\x00\x00\x00\x00\x00\x00\x00' b'\xf8V\xabH\xa7\xecu^p{\xc8\xb8~\xa4\xdcT[j\xe2LD\x1a9\xf4\x1e\xe9\x85\x9bVj4\x19' .

Added ID: b'1884779302\x00\x00\x00\x00\x00\x00\x00\x00\x00\x00\x00\x00\x00\x00\x00\x00\x00\x00\x00\x00\x00\x00' b'\xa2F\xa0\x00\x8bJPC\xfc\x9c\xa1\n\x8e\x19\x13\xc5-\xba|\x84u\xc0\xaaPH\x13\xa0\x01\xbf\r\x94\x98' .

Added ID: b'204444486\x00\x00\x00\x00\x00\x00\x00\x00\x00\x00\x00\x00\x00\x00\x00\x00\x00\x00\x00\x00\x00\x00\x00' b'\xc1\x1e\xcb\xdf}\xf7n\xcb>|/\xa81\x83\x83\x10\xfd\x92\xceD\xac\xec\nk.G\xf1\xda-p{l' .

Added ID: b'843456047\x00\x00\x00\x00\x00\x00\x00\x00\x00\x00\x00\x00\x00\x00\x00\x00\x00\x00\x00\x00\x00\x00\x00' b')m|\xf25\x1f\xfcK\x036\x1fA~\xbe\xf4\xa2(\xbbdB\xfd\xe3_\x0f|\xc2\xad$\xe5\xb0\x18b' .

Added ID: b'364325722\x00\x00\x00\x00\x00\x00\x00\x00\x00\x00\x00\x00\x00\x00\x00\x00\x00\x00\x00\x00\x00\x00\x00' b'\x91\x80\xbcB-I7k:\x91\x17\xe2\xa9\xfd[\xf6\xb4x\x9d\x17\xe8\xe9\x15\x03\x03G\x92\x88\xe9\x82\r\x90' .

Added ID: b'361180508\x00\x00\x00\x00\x00\x00\x00\x00\x00\x00\x00\x00\x00\x00\x00\x00\x00\x00\x00\x00\x00\x00\x00' b'W\xf22\xa3\xd9\xbf0-E\xa5\xdb0\x85\xa2\x05\xden\xa9\xd0\xaf\xf5{\xab_\xd5\x9a\n\x9f\xc8+\xe4\xe7' .

Added ID: b'10052977\x00\x00\x00\x00\x00\x00\x00\x00\x00\x00\x00\x00\x00\x00\x00\x00\x00\x00\x00\x00\x00\x00\x00\x00' b"\x95\x93\x9f\xecN\x18\x89\xfb\x14\xa7'\xe4\x15\xb5\xea\xeb\xbfC\x94\xf1\xdc\r\xb5\xb7s1M\xdd\x0eIC\xd9" .

Added ID: b'2113947543\x00\x00\x00\x00\x00\x00\x00\x00\x00\x00\x00\x00\x00\x00\x00\x00\x00\x00\x00\x00\x00\x00' b'\x8d\xdd\xd3W\xf0e\x99\x0b\xb3\x06\xcd\xe5\xa9\x98\x87\xe9\x98\xb6\n\x8b\xc0[TH\x9dGy\x03\xb9.\x0e\x9b' .

Added ID: b'407713977\x00\x00\x00\x00\x00\x00\x00\x00\x00\x00\x00\x00\x00\x00\x00\x00\x00\x00\x00\x00\x00\x00\x00' b'\x8bqK \x96\xaatP&\xe5\xbfU\x00\xd2\xd9\x82\xa6\xd0l\xbe\x00\x938\xd9q\xf5\xa3u\xa0T\xde\xac' .

